Файл: G2.dat
Рассчитываемая функция: y * 2^(ln(x-1))
X: не число, Y:
System.IO.IOException: Процесс не может получить доступ к файлу "C:\Rider for cpp and cs\prjects\tp_5Lab\tp_5Lab\bin\Debug\G2.dat", так как этот файл используется другим процессом.
   в System.IO.__Error.WinIOError(Int32 errorCode, String maybeFullPath)
   в System.IO.FileStream.Init(String path, FileMode mode, FileAccess access, Int32 rights, Boolean useRights, FileShare share, Int32 bufferSize, FileOptions options, SECURITY_ATTRIBUTES secAttrs, String msgPath, Boolean bFromProxy, Boolean useLongPath, Boolean checkHost)
   в System.IO.FileStream..ctor(String path, FileMode mode, FileAccess access, FileShare share, Int32 bufferSize, FileOptions options, String msgPath, Boolean bFromProxy, Boolean useLongPath, Boolean checkHost)
   в System.IO.StreamWriter.CreateFile(String path, Boolean append, Boolean checkHost)
   в System.IO.StreamWriter..ctor(String path, Boolean append, Encoding encoding, Int32 bufferSize, Boolean checkHost)
  Файл: G1.dat
Рассчитываемая функция: y * 2^(ln(x-1))
X: 0, Y:1
Arithmetic Exception
Файл: G1.dat
Рассчитываемая функция: y * 2^(ln(x-1))
X: 0, Y:2
Arithmetic Exception
Файл: G1.dat
Рассчитываемая функция: y * 2^(ln(x-1))
X: 0, Y:3
Arithmetic Exception
Файл: G1.dat
Рассчитываемая функция: y * 2^(ln(x-1))
X: 0, Y:4
Arithmetic Exception
Файл: G3.dat
Рассчитываемая функция: y * 2^(ln(x-1))
X: не число, Y:
System.InvalidOperationException: Поток в настоящее время используется предыдущей операцией потока.
   в System.IO.StreamWriter.CheckAsyncTaskInProgress()
   в System.IO.StreamWriter.Dispose(Boolean disposing)
   в System.IO.TextWriter.Dispose()
   в tp_5Lab.myCreateFiles.DatFileToCreate(String fileName, Int32 amountX, Int32 amountY, Nullable`1[,] arrayToPrint, Double x0, Double step) в C:\Rider for cpp and cs\prjects\tp_5Lab\tp_5Lab\myCreateFiles.cs:строка 79
   в tp_5Lab.Form1.button2_Click(Object sender, EventArgs e) в C:\Rider for cpp and cs\prjects\tp_5Lab\tp_5Lab\Form1.cs:строка 145
Файл: G6.dat
Рассчитываемая функция: y * 2^(ln(x-1))
X: -2151, Y:1
Arithmetic Exception
Файл: G6.dat
Рассчитываемая функция: y * 2^(ln(x-1))
X: -2151, Y:2
Arithmetic Exception
Файл: G6.dat
Рассчитываемая функция: y * 2^(ln(x-1))
X: -2151, Y:3
Arithmetic Exception
Файл: G6.dat
Рассчитываемая функция: y * 2^(ln(x-1))
X: -2151, Y:4
Arithmetic Exception
Файл: G6.dat
Рассчитываемая функция: y * 2^(ln(x-1))
X: -2151, Y:5
Arithmetic Exception
Файл: G6.dat
Рассчитываемая функция: y * 2^(ln(x-1))
X: -2151, Y:6
Arithmetic Exception
Файл: G6.dat
Рассчитываемая функция: y * 2^(ln(x-1))
X: -2151, Y:7
Arithmetic Exception
Файл: G6.dat
Рассчитываемая функция: y * 2^(ln(x-1))
X: -2166, Y:1
Arithmetic Exception
Файл: G6.dat
Рассчитываемая функция: y * 2^(ln(x-1))
X: -2166, Y:2
Arithmetic Exception
Файл: G6.dat
Рассчитываемая функция: y * 2^(ln(x-1))
X: -2166, Y:3
Arithmetic Exception
Файл: G6.dat
Рассчитываемая функция: y * 2^(ln(x-1))
X: -2166, Y:4
Arithmetic Exception
Файл: G6.dat
Рассчитываемая функция: y * 2^(ln(x-1))
X: -2166, Y:5
Arithmetic Exception
Файл: G6.dat
Рассчитываемая функция: y * 2^(ln(x-1))
X: -2166, Y:6
Arithmetic Exception
Файл: G6.dat
Рассчитываемая функция: y * 2^(ln(x-1))
X: -2166, Y:7
Arithmetic Exception
Файл: G6.dat
Рассчитываемая функция: y * 2^(ln(x-1))
X: -2181, Y:1
Arithmetic Exception
Файл: G6.dat
Рассчитываемая функция: y * 2^(ln(x-1))
X: -2181, Y:2
Arithmetic Exception
Файл: G6.dat
Рассчитываемая функция: y * 2^(ln(x-1))
X: -2181, Y:3
Arithmetic Exception
Файл: G6.dat
Рассчитываемая функция: y * 2^(ln(x-1))
X: -2181, Y:4
Arithmetic Exception
Файл: G6.dat
Рассчитываемая функция: y * 2^(ln(x-1))
X: -2181, Y:5
Arithmetic Exception
Файл: G6.dat
Рассчитываемая функция: y * 2^(ln(x-1))
X: -2181, Y:6
Arithmetic Exception
Файл: G6.dat
Рассчитываемая функция: y * 2^(ln(x-1))
X: -2181, Y:7
Arithmetic Exception
Файл: G6.dat
Рассчитываемая функция: y * 2^(ln(x-1))
X: -2196, Y:1
Arithmetic Exception
Файл: G6.dat
Рассчитываемая функция: y * 2^(ln(x-1))
X: -2196, Y:2
Arithmetic Exception
Файл: G6.dat
Рассчитываемая функция: y * 2^(ln(x-1))
X: -2196, Y:3
Arithmetic Exception
Файл: G6.dat
Рассчитываемая функция: y * 2^(ln(x-1))
X: -2196, Y:4
Arithmetic Exception
Файл: G6.dat
Рассчитываемая функция: y * 2^(ln(x-1))
X: -2196, Y:5
Arithmetic Exception
Файл: G6.dat
Рассчитываемая функция: y * 2^(ln(x-1))
X: -2196, Y:6
Arithmetic Exception
Файл: G6.dat
Рассчитываемая функция: y * 2^(ln(x-1))
X: -2196, Y:7
Arithmetic Exception
Файл: G6.dat
Рассчитываемая функция: y * 2^(ln(x-1))
X: -2211, Y:1
Arithmetic Exception
Файл: G6.dat
Рассчитываемая функция: y * 2^(ln(x-1))
X: -2211, Y:2
Arithmetic Exception
Файл: G6.dat
Рассчитываемая функция: y * 2^(ln(x-1))
X: -2211, Y:3
Arithmetic Exception
Файл: G6.dat
Рассчитываемая функция: y * 2^(ln(x-1))
X: -2211, Y:4
Arithmetic Exception
Файл: G6.dat
Рассчитываемая функция: y * 2^(ln(x-1))
X: -2211, Y:5
Arithmetic Exception
Файл: G6.dat
Рассчитываемая функция: y * 2^(ln(x-1))
X: -2211, Y:6
Arithmetic Exception
Файл: G6.dat
Рассчитываемая функция: y * 2^(ln(x-1))
X: -2211, Y:7
Arithmetic Exception
Файл: G6.dat
Рассчитываемая функция: y * 2^(ln(x-1))
X: -2226, Y:1
Arithmetic Exception
Файл: G6.dat
Рассчитываемая функция: y * 2^(ln(x-1))
X: -2226, Y:2
Arithmetic Exception
Файл: G6.dat
Рассчитываемая функция: y * 2^(ln(x-1))
X: -2226, Y:3
Arithmetic Exception
Файл: G6.dat
Рассчитываемая функция: y * 2^(ln(x-1))
X: -2226, Y:4
Arithmetic Exception
Файл: G6.dat
Рассчитываемая функция: y * 2^(ln(x-1))
X: -2226, Y:5
Arithmetic Exception
Файл: G6.dat
Рассчитываемая функция: y * 2^(ln(x-1))
X: -2226, Y:6
Arithmetic Exception
Файл: G6.dat
Рассчитываемая функция: y * 2^(ln(x-1))
X: -2226, Y:7
Arithmetic Exception
Файл: G6.dat
Рассчитываемая функция: y * 2^(ln(x-1))
X: -2241, Y:1
Arithmetic Exception
Файл: G6.dat
Рассчитываемая функция: y * 2^(ln(x-1))
X: -2241, Y:2
Arithmetic Exception
Файл: G6.dat
Рассчитываемая функция: y * 2^(ln(x-1))
X: -2241, Y:3
Arithmetic Exception
Файл: G6.dat
Рассчитываемая функция: y * 2^(ln(x-1))
X: -2241, Y:4
Arithmetic Exception
Файл: G6.dat
Рассчитываемая функция: y * 2^(ln(x-1))
X: -2241, Y:5
Arithmetic Exception
Файл: G6.dat
Рассчитываемая функция: y * 2^(ln(x-1))
X: -2241, Y:6
Arithmetic Exception
Файл: G6.dat
Рассчитываемая функция: y * 2^(ln(x-1))
X: -2241, Y:7
Arithmetic Exception
Файл: G6.dat
Рассчитываемая функция: y * 2^(ln(x-1))
X: -2256, Y:1
Arithmetic Exception
Файл: G6.dat
Рассчитываемая функция: y * 2^(ln(x-1))
X: -2256, Y:2
Arithmetic Exception
Файл: G6.dat
Рассчитываемая функция: y * 2^(ln(x-1))
X: -2256, Y:3
Arithmetic Exception
Файл: G6.dat
Рассчитываемая функция: y * 2^(ln(x-1))
X: -2256, Y:4
Arithmetic Exception
Файл: G6.dat
Рассчитываемая функция: y * 2^(ln(x-1))
X: -2256, Y:5
Arithmetic Exception
Файл: G6.dat
Рассчитываемая функция: y * 2^(ln(x-1))
X: -2256, Y:6
Arithmetic Exception
Файл: G6.dat
Рассчитываемая функция: y * 2^(ln(x-1))
X: -2256, Y:7
Arithmetic Exception
Файл: G6.dat
Рассчитываемая функция: y * 2^(ln(x-1))
X: -2271, Y:1
Arithmetic Exception
Файл: G6.dat
Рассчитываемая функция: y * 2^(ln(x-1))
X: -2271, Y:2
Arithmetic Exception
Файл: G6.dat
Рассчитываемая функция: y * 2^(ln(x-1))
X: -2271, Y:3
Arithmetic Exception
Файл: G6.dat
Рассчитываемая функция: y * 2^(ln(x-1))
X: -2271, Y:4
Arithmetic Exception
Файл: G6.dat
Рассчитываемая функция: y * 2^(ln(x-1))
X: -2271, Y:5
Arithmetic Exception
Файл: G6.dat
Рассчитываемая функция: y * 2^(ln(x-1))
X: -2271, Y:6
Arithmetic Exception
Файл: G6.dat
Рассчитываемая функция: y * 2^(ln(x-1))
X: -2271, Y:7
Arithmetic Exception
Файл: G6.dat
Рассчитываемая функция: y * 2^(ln(x-1))
X: -2286, Y:1
Arithmetic Exception
Файл: G6.dat
Рассчитываемая функция: y * 2^(ln(x-1))
X: -2286, Y:2
Arithmetic Exception
Файл: G6.dat
Рассчитываемая функция: y * 2^(ln(x-1))
X: -2286, Y:3
Arithmetic Exception
Файл: G6.dat
Рассчитываемая функция: y * 2^(ln(x-1))
X: -2286, Y:4
Arithmetic Exception
Файл: G6.dat
Рассчитываемая функция: y * 2^(ln(x-1))
X: -2286, Y:5
Arithmetic Exception
Файл: G6.dat
Рассчитываемая функция: y * 2^(ln(x-1))
X: -2286, Y:6
Arithmetic Exception
Файл: G6.dat
Рассчитываемая функция: y * 2^(ln(x-1))
X: -2286, Y:7
Arithmetic Exception
Файл: G7.dat
Рассчитываемая функция: y * 2^(ln(x-1))
X: не число, Y:
System.InvalidOperationException: Поток в настоящее время используется предыдущей операцией потока.
   в System.IO.StreamWriter.CheckAsyncTaskInProgress()
   в System.IO.StreamWriter.Dispose(Boolean disposing)
   в System.IO.TextWriter.Dispose()
   в tp_5Lab.myCreateFiles.DatFileToCreate(String fileName, Int32 amountX, Int32 amountY, Nullable`1[,] arrayToPrint, Double x0, Double step) в C:\Rider for cpp and cs\prjects\tp_5Lab\tp_5Lab\myCreateFiles.cs:строка 79
   в tp_5Lab.Form1.button2_Click(Object sender, EventArgs e) в C:\Rider for cpp and cs\prjects\tp_5Lab\tp_5Lab\Form1.cs:строка 145
Файл: G8.dat
Рассчитываемая функция: y * 2^(ln(x-1))
X: -123,2, Y:1
Arithmetic Exception
Файл: G8.dat
Рассчитываемая функция: y * 2^(ln(x-1))
X: -123,2, Y:2
Arithmetic Exception
Файл: G8.dat
Рассчитываемая функция: y * 2^(ln(x-1))
X: -123,2, Y:3
Arithmetic Exception
Файл: G8.dat
Рассчитываемая функция: y * 2^(ln(x-1))
X: -118, Y:1
Arithmetic Exception
Файл: G8.dat
Рассчитываемая функция: y * 2^(ln(x-1))
X: -118, Y:2
Arithmetic Exception
Файл: G8.dat
Рассчитываемая функция: y * 2^(ln(x-1))
X: -118, Y:3
Arithmetic Exception
Файл: G8.dat
Рассчитываемая функция: y * 2^(ln(x-1))
X: -112,8, Y:1
Arithmetic Exception
Файл: G8.dat
Рассчитываемая функция: y * 2^(ln(x-1))
X: -112,8, Y:2
Arithmetic Exception
Файл: G8.dat
Рассчитываемая функция: y * 2^(ln(x-1))
X: -112,8, Y:3
Arithmetic Exception
Файл: G8.dat
Рассчитываемая функция: y * 2^(ln(x-1))
X: -107,6, Y:1
Arithmetic Exception
Файл: G8.dat
Рассчитываемая функция: y * 2^(ln(x-1))
X: -107,6, Y:2
Arithmetic Exception
Файл: G8.dat
Рассчитываемая функция: y * 2^(ln(x-1))
X: -107,6, Y:3
Arithmetic Exception
Файл: G8.dat
Рассчитываемая функция: y * 2^(ln(x-1))
X: -102,4, Y:1
Arithmetic Exception
Файл: G8.dat
Рассчитываемая функция: y * 2^(ln(x-1))
X: -102,4, Y:2
Arithmetic Exception
Файл: G8.dat
Рассчитываемая функция: y * 2^(ln(x-1))
X: -102,4, Y:3
Arithmetic Exception
Файл: G8.dat
Рассчитываемая функция: y * 2^(ln(x-1))
X: -97,2, Y:1
Arithmetic Exception
Файл: G8.dat
Рассчитываемая функция: y * 2^(ln(x-1))
X: -97,2, Y:2
Arithmetic Exception
Файл: G8.dat
Рассчитываемая функция: y * 2^(ln(x-1))
X: -97,2, Y:3
Arithmetic Exception
Файл: G8.dat
Рассчитываемая функция: y * 2^(ln(x-1))
X: -92, Y:1
Arithmetic Exception
Файл: G8.dat
Рассчитываемая функция: y * 2^(ln(x-1))
X: -92, Y:2
Arithmetic Exception
Файл: G8.dat
Рассчитываемая функция: y * 2^(ln(x-1))
X: -92, Y:3
Arithmetic Exception
